# JRE version: OpenJDK Runtime Environment (8.0_152-b02) (build 1.8.0_152-release-1024-b02)
# Java VM: OpenJDK 64-Bit Server VM (25.152-b02 mixed mode windows-amd64 compressed oops)
Heap:
 PSYoungGen      total 89088K, used 30272K [0x00000000e0000000, 0x00000000e7a80000, 0x0000000100000000)
  eden space 85504K, 31% used [0x00000000e0000000,0x00000000e1a5cce0,0x00000000e5380000)
  from space 3584K, 91% used [0x00000000e5600000,0x00000000e5933468,0x00000000e5980000)
  to   space 19968K, 0% used [0x00000000e6700000,0x00000000e6700000,0x00000000e7a80000)
 ParOldGen       total 155648K, used 105545K [0x00000000a0000000, 0x00000000a9800000, 0x00000000e0000000)
  object space 155648K, 67% used [0x00000000a0000000,0x00000000a6712480,0x00000000a9800000)
 Metaspace       used 83629K, capacity 89256K, committed 89304K, reserved 1128448K
  class space    used 10265K, capacity 11238K, committed 11264K, reserved 1048576K
GC Heap History (10 events):
Event: 20552.227 GC heap before
{Heap before GC invocations=67 (full 4):
 PSYoungGen      total 116736K, used 112520K [0x00000000e0000000, 0x00000000e8880000, 0x0000000100000000)
  eden space 98816K, 100% used [0x00000000e0000000,0x00000000e6080000,0x00000000e6080000)
  from space 17920K, 76% used [0x00000000e7700000,0x00000000e8462230,0x00000000e8880000)
  to   space 20480K, 0% used [0x00000000e6080000,0x00000000e6080000,0x00000000e7480000)
 ParOldGen       total 155648K, used 104826K [0x00000000a0000000, 0x00000000a9800000, 0x00000000e0000000)
  object space 155648K, 67% used [0x00000000a0000000,0x00000000a665e900,0x00000000a9800000)
 Metaspace       used 83489K, capacity 89032K, committed 89304K, reserved 1128448K
  class space    used 10263K, capacity 11206K, committed 11264K, reserved 1048576K
Event: 20552.370 GC heap after
Heap after GC invocations=67 (full 4):
 PSYoungGen      total 104448K, used 8556K [0x00000000e0000000, 0x00000000e8480000, 0x0000000100000000)
  eden space 95744K, 0% used [0x00000000e0000000,0x00000000e0000000,0x00000000e5d80000)
  from space 8704K, 98% used [0x00000000e6080000,0x00000000e68db3b0,0x00000000e6900000)
  to   space 19968K, 0% used [0x00000000e7100000,0x00000000e7100000,0x00000000e8480000)
 ParOldGen       total 155648K, used 104893K [0x00000000a0000000, 0x00000000a9800000, 0x00000000e0000000)
  object space 155648K, 67% used [0x00000000a0000000,0x00000000a666f658,0x00000000a9800000)
 Metaspace       used 83489K, capacity 89032K, committed 89304K, reserved 1128448K
  class space    used 10263K, capacity 11206K, committed 11264K, reserved 1048576K
}
Event: 22704.830 GC heap before
{Heap before GC invocations=68 (full 4):
 PSYoungGen      total 104448K, used 104300K [0x00000000e0000000, 0x00000000e8480000, 0x0000000100000000)
  eden space 95744K, 100% used [0x00000000e0000000,0x00000000e5d80000,0x00000000e5d80000)
  from space 8704K, 98% used [0x00000000e6080000,0x00000000e68db3b0,0x00000000e6900000)
  to   space 19968K, 0% used [0x00000000e7100000,0x00000000e7100000,0x00000000e8480000)
 ParOldGen       total 155648K, used 104893K [0x00000000a0000000, 0x00000000a9800000, 0x00000000e0000000)
  object space 155648K, 67% used [0x00000000a0000000,0x00000000a666f658,0x00000000a9800000)
 Metaspace       used 83535K, capacity 89032K, committed 89304K, reserved 1128448K
  class space    used 10263K, capacity 11206K, committed 11264K, reserved 1048576K
Event: 22704.875 GC heap after
Heap after GC invocations=68 (full 4):
 PSYoungGen      total 111616K, used 13773K [0x00000000e0000000, 0x00000000e8300000, 0x0000000100000000)
  eden space 93184K, 0% used [0x00000000e0000000,0x00000000e0000000,0x00000000e5b00000)
  from space 18432K, 74% used [0x00000000e7100000,0x00000000e7e73550,0x00000000e8300000)
  to   space 20480K, 0% used [0x00000000e5b00000,0x00000000e5b00000,0x00000000e6f00000)
 ParOldGen       total 155648K, used 105105K [0x00000000a0000000, 0x00000000a9800000, 0x00000000e0000000)
  object space 155648K, 67% used [0x00000000a0000000,0x00000000a66a46a0,0x00000000a9800000)
 Metaspace       used 83535K, capacity 89032K, committed 89304K, reserved 1128448K
  class space    used 10263K, capacity 11206K, committed 11264K, reserved 1048576K
}
Event: 22930.165 GC heap before
{Heap before GC invocations=69 (full 4):
 PSYoungGen      total 111616K, used 106957K [0x00000000e0000000, 0x00000000e8300000, 0x0000000100000000)
  eden space 93184K, 100% used [0x00000000e0000000,0x00000000e5b00000,0x00000000e5b00000)
  from space 18432K, 74% used [0x00000000e7100000,0x00000000e7e73550,0x00000000e8300000)
  to   space 20480K, 0% used [0x00000000e5b00000,0x00000000e5b00000,0x00000000e6f00000)
 ParOldGen       total 155648K, used 105105K [0x00000000a0000000, 0x00000000a9800000, 0x00000000e0000000)
  object space 155648K, 67% used [0x00000000a0000000,0x00000000a66a46a0,0x00000000a9800000)
 Metaspace       used 83578K, capacity 89096K, committed 89304K, reserved 1128448K
  class space    used 10263K, capacity 11206K, committed 11264K, reserved 1048576K
Event: 22930.191 GC heap after
Heap after GC invocations=69 (full 4):
 PSYoungGen      total 94720K, used 3629K [0x00000000e0000000, 0x00000000e8080000, 0x0000000100000000)
  eden space 90624K, 0% used [0x00000000e0000000,0x00000000e0000000,0x00000000e5880000)
  from space 4096K, 88% used [0x00000000e5b00000,0x00000000e5e8b460,0x00000000e5f00000)
  to   space 20480K, 0% used [0x00000000e6c80000,0x00000000e6c80000,0x00000000e8080000)
 ParOldGen       total 155648K, used 105369K [0x00000000a0000000, 0x00000000a9800000, 0x00000000e0000000)
  object space 155648K, 67% used [0x00000000a0000000,0x00000000a66e66c0,0x00000000a9800000)
 Metaspace       used 83578K, capacity 89096K, committed 89304K, reserved 1128448K
  class space    used 10263K, capacity 11206K, committed 11264K, reserved 1048576K
}
Event: 22934.944 GC heap before
{Heap before GC invocations=70 (full 4):
 PSYoungGen      total 94720K, used 94253K [0x00000000e0000000, 0x00000000e8080000, 0x0000000100000000)
  eden space 90624K, 100% used [0x00000000e0000000,0x00000000e5880000,0x00000000e5880000)
  from space 4096K, 88% used [0x00000000e5b00000,0x00000000e5e8b460,0x00000000e5f00000)
  to   space 20480K, 0% used [0x00000000e6c80000,0x00000000e6c80000,0x00000000e8080000)
 ParOldGen       total 155648K, used 105369K [0x00000000a0000000, 0x00000000a9800000, 0x00000000e0000000)
  object space 155648K, 67% used [0x00000000a0000000,0x00000000a66e66c0,0x00000000a9800000)
 Metaspace       used 83590K, capacity 89096K, committed 89304K, reserved 1128448K
  class space    used 10263K, capacity 11206K, committed 11264K, reserved 1048576K
Event: 22934.972 GC heap after
Heap after GC invocations=70 (full 4):
 PSYoungGen      total 104960K, used 7632K [0x00000000e0000000, 0x00000000e7d00000, 0x0000000100000000)
  eden space 88064K, 0% used [0x00000000e0000000,0x00000000e0000000,0x00000000e5600000)
  from space 16896K, 45% used [0x00000000e6c80000,0x00000000e73f4010,0x00000000e7d00000)
  to   space 19968K, 0% used [0x00000000e5600000,0x00000000e5600000,0x00000000e6980000)
 ParOldGen       total 155648K, used 105401K [0x00000000a0000000, 0x00000000a9800000, 0x00000000e0000000)
  object space 155648K, 67% used [0x00000000a0000000,0x00000000a66ee6c0,0x00000000a9800000)
 Metaspace       used 83590K, capacity 89096K, committed 89304K, reserved 1128448K
  class space    used 10263K, capacity 11206K, committed 11264K, reserved 1048576K
}
Event: 24756.523 GC heap before
{Heap before GC invocations=71 (full 4):
 PSYoungGen      total 104960K, used 95696K [0x00000000e0000000, 0x00000000e7d00000, 0x0000000100000000)
  eden space 88064K, 100% used [0x00000000e0000000,0x00000000e5600000,0x00000000e5600000)
  from space 16896K, 45% used [0x00000000e6c80000,0x00000000e73f4010,0x00000000e7d00000)
  to   space 19968K, 0% used [0x00000000e5600000,0x00000000e5600000,0x00000000e6980000)
 ParOldGen       total 155648K, used 105401K [0x00000000a0000000, 0x00000000a9800000, 0x00000000e0000000)
  object space 155648K, 67% used [0x00000000a0000000,0x00000000a66ee6c0,0x00000000a9800000)
 Metaspace       used 83603K, capacity 89224K, committed 89304K, reserved 1128448K
  class space    used 10263K, capacity 11206K, committed 11264K, reserved 1048576K
Event: 24756.585 GC heap after
Heap after GC invocations=71 (full 4):
 PSYoungGen      total 89088K, used 3277K [0x00000000e0000000, 0x00000000e7a80000, 0x0000000100000000)
  eden space 85504K, 0% used [0x00000000e0000000,0x00000000e0000000,0x00000000e5380000)
  from space 3584K, 91% used [0x00000000e5600000,0x00000000e5933468,0x00000000e5980000)
  to   space 19968K, 0% used [0x00000000e6700000,0x00000000e6700000,0x00000000e7a80000)
 ParOldGen       total 155648K, used 105545K [0x00000000a0000000, 0x00000000a9800000, 0x00000000e0000000)
  object space 155648K, 67% used [0x00000000a0000000,0x00000000a6712480,0x00000000a9800000)
 Metaspace       used 83603K, capacity 89224K, committed 89304K, reserved 1128448K
  class space    used 10263K, capacity 11206K, committed 11264K, reserved 1048576K
}

